Drill report for aux_PS.kicad_pcb
Created on 08-04-2023 09:07:34

Copper Layer Stackup:
    =============================================================
    L1 :  F.Cu                      front
    L2 :  B.Cu                      back


Drill file 'aux_PS-PTH.drl' contains
    plated through holes:
    =============================================================
    T1  0.400mm  0.0157"  (2 holes)
    T2  0.750mm  0.0295"  (8 holes)
    T3  1.000mm  0.0394"  (9 holes)
    T4  1.100mm  0.0433"  (3 holes)
    T5  1.500mm  0.0591"  (8 holes)
    T6  5.000mm  0.1969"  (4 holes)

    Total plated holes count 34


Drill file 'aux_PS-NPTH.drl' contains
    unplated through holes:
    =============================================================
    T1  3.200mm  0.1260"  (4 holes)

    Total unplated holes count 4
